[24-11-2019 12:03:08] PayPal\Core\PayPalHttpConnection : INFO: POST https://api.sandbox.paypal.com/v1/oauth2/token
[24-11-2019 12:03:10] PayPal\Core\PayPalHttpConnection : INFO: Response Status 	: 200
[24-11-2019 12:03:10] PayPal\Core\PayPalHttpConnection : INFO: POST https://api.sandbox.paypal.com/v1/payments/payment
[24-11-2019 12:03:12] PayPal\Core\PayPalHttpConnection : INFO: Response Status 	: 201
[24-11-2019 12:05:00] PayPal\Core\PayPalHttpConnection : INFO: POST https://api.sandbox.paypal.com/v1/oauth2/token
[24-11-2019 12:05:02] PayPal\Core\PayPalHttpConnection : INFO: Response Status 	: 200
[24-11-2019 12:05:02] PayPal\Core\PayPalHttpConnection : INFO: POST https://api.sandbox.paypal.com/v1/payments/payment
[24-11-2019 12:05:04] PayPal\Core\PayPalHttpConnection : INFO: Response Status 	: 201
[24-11-2019 12:06:10] PayPal\Core\PayPalHttpConnection : INFO: POST https://api.sandbox.paypal.com/v1/oauth2/token
[24-11-2019 12:06:12] PayPal\Core\PayPalHttpConnection : INFO: Response Status 	: 200
[24-11-2019 12:06:12] PayPal\Core\PayPalHttpConnection : INFO: POST https://api.sandbox.paypal.com/v1/payments/payment
[24-11-2019 12:06:15] PayPal\Core\PayPalHttpConnection : INFO: Response Status 	: 201
[24-11-2019 12:12:26] PayPal\Core\PayPalHttpConnection : INFO: POST https://api.sandbox.paypal.com/v1/oauth2/token
[24-11-2019 12:12:28] PayPal\Core\PayPalHttpConnection : INFO: Response Status 	: 200
[24-11-2019 12:12:28] PayPal\Core\PayPalHttpConnection : INFO: POST https://api.sandbox.paypal.com/v1/payments/payment
[24-11-2019 12:12:30] PayPal\Core\PayPalHttpConnection : INFO: Response Status 	: 201
[24-11-2019 12:12:31] PayPal\Core\PayPalHttpConnection : INFO: POST https://api.sandbox.paypal.com/v1/oauth2/token
[24-11-2019 12:12:32] PayPal\Core\PayPalHttpConnection : INFO: Response Status 	: 200
[24-11-2019 12:12:32] PayPal\Core\PayPalHttpConnection : INFO: POST https://api.sandbox.paypal.com/v1/payments/payment
[24-11-2019 12:12:34] PayPal\Core\PayPalHttpConnection : INFO: Response Status 	: 201
[24-11-2019 12:13:09] PayPal\Core\PayPalHttpConnection : INFO: POST https://api.sandbox.paypal.com/v1/oauth2/token
[24-11-2019 12:13:10] PayPal\Core\PayPalHttpConnection : INFO: Response Status 	: 200
[24-11-2019 12:13:10] PayPal\Core\PayPalHttpConnection : INFO: POST https://api.sandbox.paypal.com/v1/payments/payment
[24-11-2019 12:13:13] PayPal\Core\PayPalHttpConnection : INFO: Response Status 	: 201
[24-11-2019 12:24:30] PayPal\Core\PayPalHttpConnection : INFO: POST https://api.sandbox.paypal.com/v1/oauth2/token
[24-11-2019 12:24:31] PayPal\Core\PayPalHttpConnection : INFO: Response Status 	: 200
[24-11-2019 12:24:31] PayPal\Core\PayPalHttpConnection : INFO: POST https://api.sandbox.paypal.com/v1/payments/payment
[24-11-2019 12:24:33] PayPal\Core\PayPalHttpConnection : INFO: Response Status 	: 201
[24-11-2019 12:25:31] PayPal\Core\PayPalHttpConnection : INFO: POST https://api.sandbox.paypal.com/v1/oauth2/token
[24-11-2019 12:25:32] PayPal\Core\PayPalHttpConnection : INFO: Response Status 	: 200
[24-11-2019 12:25:32] PayPal\Core\PayPalHttpConnection : INFO: POST https://api.sandbox.paypal.com/v1/payments/payment
[24-11-2019 12:25:34] PayPal\Core\PayPalHttpConnection : INFO: Response Status 	: 201
[24-11-2019 12:25:47] PayPal\Core\PayPalHttpConnection : INFO: POST https://api.sandbox.paypal.com/v1/oauth2/token
[24-11-2019 12:25:48] PayPal\Core\PayPalHttpConnection : INFO: Response Status 	: 200
[24-11-2019 12:25:48] PayPal\Core\PayPalHttpConnection : INFO: POST https://api.sandbox.paypal.com/v1/payments/payment
[24-11-2019 12:25:51] PayPal\Core\PayPalHttpConnection : INFO: Response Status 	: 201
[24-11-2019 12:27:40] PayPal\Core\PayPalHttpConnection : INFO: POST https://api.sandbox.paypal.com/v1/oauth2/token
[24-11-2019 12:27:42] PayPal\Core\PayPalHttpConnection : INFO: Response Status 	: 200
[24-11-2019 12:27:42] PayPal\Core\PayPalHttpConnection : INFO: POST https://api.sandbox.paypal.com/v1/payments/payment
[24-11-2019 12:27:44] PayPal\Core\PayPalHttpConnection : INFO: Response Status 	: 201
[24-11-2019 12:30:53] PayPal\Core\PayPalHttpConnection : INFO: POST https://api.sandbox.paypal.com/v1/oauth2/token
[24-11-2019 12:30:55] PayPal\Core\PayPalHttpConnection : INFO: Response Status 	: 200
[24-11-2019 12:30:55] PayPal\Core\PayPalHttpConnection : INFO: POST https://api.sandbox.paypal.com/v1/payments/payment
[24-11-2019 12:30:57] PayPal\Core\PayPalHttpConnection : INFO: Response Status 	: 201
[24-11-2019 12:55:44] PayPal\Core\PayPalHttpConnection : INFO: POST https://api.sandbox.paypal.com/v1/oauth2/token
[24-11-2019 12:55:46] PayPal\Core\PayPalHttpConnection : INFO: Response Status 	: 200
[24-11-2019 12:55:46] PayPal\Core\PayPalHttpConnection : INFO: POST https://api.sandbox.paypal.com/v1/payments/payment
[24-11-2019 12:55:48] PayPal\Core\PayPalHttpConnection : INFO: Response Status 	: 201
[24-11-2019 21:27:18] PayPal\Core\PayPalHttpConnection : INFO: POST https://api.sandbox.paypal.com/v1/oauth2/token
[24-11-2019 21:27:21] PayPal\Core\PayPalHttpConnection : INFO: Response Status 	: 200
[24-11-2019 21:27:21] PayPal\Core\PayPalHttpConnection : INFO: POST https://api.sandbox.paypal.com/v1/payments/payment
[24-11-2019 21:27:23] PayPal\Core\PayPalHttpConnection : INFO: Response Status 	: 400
[24-11-2019 21:27:23] PayPal\Core\PayPalHttpConnection : ERROR: Got Http response code 400 when accessing https://api.sandbox.paypal.com/v1/payments/payment. {"name":"VALIDATION_ERROR","details":[{"field":"transactions[0].amount","issue":"Amount cannot be zero"}],"message":"Invalid request - see details","information_link":"https://developer.paypal.com/docs/api/payments/#errors","debug_id":"b5cfa8705795b"}
[24-11-2019 21:33:34] PayPal\Core\PayPalHttpConnection : INFO: POST https://api.sandbox.paypal.com/v1/oauth2/token
[24-11-2019 21:33:37] PayPal\Core\PayPalHttpConnection : INFO: Response Status 	: 200
[24-11-2019 21:33:37] PayPal\Core\PayPalHttpConnection : INFO: POST https://api.sandbox.paypal.com/v1/payments/payment
[24-11-2019 21:33:39] PayPal\Core\PayPalHttpConnection : INFO: Response Status 	: 400
[24-11-2019 21:33:39] PayPal\Core\PayPalHttpConnection : ERROR: Got Http response code 400 when accessing https://api.sandbox.paypal.com/v1/payments/payment. {"name":"VALIDATION_ERROR","details":[{"field":"transactions[0].amount","issue":"Amount cannot be zero"}],"message":"Invalid request - see details","information_link":"https://developer.paypal.com/docs/api/payments/#errors","debug_id":"18503577a265b"}
[24-11-2019 21:48:16] PayPal\Core\PayPalHttpConnection : INFO: POST https://api.sandbox.paypal.com/v1/oauth2/token
[24-11-2019 21:48:18] PayPal\Core\PayPalHttpConnection : INFO: Response Status 	: 200
[24-11-2019 21:48:18] PayPal\Core\PayPalHttpConnection : INFO: POST https://api.sandbox.paypal.com/v1/payments/payment
[24-11-2019 21:48:20] PayPal\Core\PayPalHttpConnection : INFO: Response Status 	: 400
[24-11-2019 21:48:20] PayPal\Core\PayPalHttpConnection : ERROR: Got Http response code 400 when accessing https://api.sandbox.paypal.com/v1/payments/payment. {"name":"VALIDATION_ERROR","details":[{"field":"transactions[0].item_list.items[0].quantity","issue":"Required field missing"},{"field":"transactions[0].amount","issue":"Amount cannot be zero"}],"message":"Invalid request - see details","information_link":"https://developer.paypal.com/docs/api/payments/#errors","debug_id":"4897d871e7fd5"}
[24-11-2019 22:47:21] PayPal\Core\PayPalHttpConnection : INFO: POST https://api.sandbox.paypal.com/v1/oauth2/token
[24-11-2019 22:47:23] PayPal\Core\PayPalHttpConnection : INFO: Response Status 	: 200
[24-11-2019 22:47:23] PayPal\Core\PayPalHttpConnection : INFO: POST https://api.sandbox.paypal.com/v1/payments/payment
[24-11-2019 22:47:25] PayPal\Core\PayPalHttpConnection : INFO: Response Status 	: 400
[24-11-2019 22:47:25] PayPal\Core\PayPalHttpConnection : ERROR: Got Http response code 400 when accessing https://api.sandbox.paypal.com/v1/payments/payment. {"name":"VALIDATION_ERROR","details":[{"field":"transactions[0]","issue":"Item amount must add up to specified amount subtotal (or total if amount details not specified)"}],"message":"Invalid request - see details","information_link":"https://developer.paypal.com/docs/api/payments/#errors","debug_id":"bf064b971d95d"}
[24-11-2019 23:19:58] PayPal\Core\PayPalHttpConnection : INFO: POST https://api.sandbox.paypal.com/v1/oauth2/token
[24-11-2019 23:20:00] PayPal\Core\PayPalHttpConnection : INFO: Response Status 	: 200
[24-11-2019 23:20:00] PayPal\Core\PayPalHttpConnection : INFO: POST https://api.sandbox.paypal.com/v1/payments/payment
[24-11-2019 23:20:02] PayPal\Core\PayPalHttpConnection : INFO: Response Status 	: 400
[24-11-2019 23:20:02] PayPal\Core\PayPalHttpConnection : ERROR: Got Http response code 400 when accessing https://api.sandbox.paypal.com/v1/payments/payment. {"name":"VALIDATION_ERROR","details":[{"field":"transactions[0]","issue":"Item amount must add up to specified amount subtotal (or total if amount details not specified)"}],"message":"Invalid request - see details","information_link":"https://developer.paypal.com/docs/api/payments/#errors","debug_id":"363e275e0ffa1"}
[24-11-2019 23:21:52] PayPal\Core\PayPalHttpConnection : INFO: POST https://api.sandbox.paypal.com/v1/oauth2/token
[24-11-2019 23:21:54] PayPal\Core\PayPalHttpConnection : INFO: Response Status 	: 200
[24-11-2019 23:21:54] PayPal\Core\PayPalHttpConnection : INFO: POST https://api.sandbox.paypal.com/v1/payments/payment
[24-11-2019 23:21:56] PayPal\Core\PayPalHttpConnection : INFO: Response Status 	: 400
[24-11-2019 23:21:56] PayPal\Core\PayPalHttpConnection : ERROR: Got Http response code 400 when accessing https://api.sandbox.paypal.com/v1/payments/payment. {"name":"VALIDATION_ERROR","details":[{"field":"transactions[0]","issue":"Item amount must add up to specified amount subtotal (or total if amount details not specified)"}],"message":"Invalid request - see details","information_link":"https://developer.paypal.com/docs/api/payments/#errors","debug_id":"7e7fd937af727"}
[24-11-2019 23:23:33] PayPal\Core\PayPalHttpConnection : INFO: POST https://api.sandbox.paypal.com/v1/oauth2/token
[24-11-2019 23:23:35] PayPal\Core\PayPalHttpConnection : INFO: Response Status 	: 200
[24-11-2019 23:23:35] PayPal\Core\PayPalHttpConnection : INFO: POST https://api.sandbox.paypal.com/v1/payments/payment
[24-11-2019 23:23:37] PayPal\Core\PayPalHttpConnection : INFO: Response Status 	: 201
[24-11-2019 23:24:11] PayPal\Core\PayPalHttpConnection : INFO: POST https://api.sandbox.paypal.com/v1/oauth2/token
[24-11-2019 23:24:13] PayPal\Core\PayPalHttpConnection : INFO: Response Status 	: 200
[24-11-2019 23:24:13] PayPal\Core\PayPalHttpConnection : INFO: POST https://api.sandbox.paypal.com/v1/payments/payment
[24-11-2019 23:24:15] PayPal\Core\PayPalHttpConnection : INFO: Response Status 	: 201
[24-11-2019 23:26:10] PayPal\Core\PayPalHttpConnection : INFO: POST https://api.sandbox.paypal.com/v1/oauth2/token
[24-11-2019 23:26:11] PayPal\Core\PayPalHttpConnection : INFO: Response Status 	: 200
[24-11-2019 23:26:11] PayPal\Core\PayPalHttpConnection : INFO: POST https://api.sandbox.paypal.com/v1/payments/payment
[24-11-2019 23:26:14] PayPal\Core\PayPalHttpConnection : INFO: Response Status 	: 201
[24-11-2019 23:30:52] PayPal\Core\PayPalHttpConnection : INFO: POST https://api.sandbox.paypal.com/v1/oauth2/token
[24-11-2019 23:30:54] PayPal\Core\PayPalHttpConnection : INFO: Response Status 	: 200
[24-11-2019 23:30:54] PayPal\Core\PayPalHttpConnection : INFO: POST https://api.sandbox.paypal.com/v1/payments/payment
[24-11-2019 23:30:56] PayPal\Core\PayPalHttpConnection : INFO: Response Status 	: 201
[25-11-2019 08:57:58] PayPal\Core\PayPalHttpConnection : INFO: POST https://api.sandbox.paypal.com/v1/oauth2/token
[25-11-2019 08:58:00] PayPal\Core\PayPalHttpConnection : INFO: Response Status 	: 200
[25-11-2019 08:58:00] PayPal\Core\PayPalHttpConnection : INFO: GET https://api.sandbox.paypal.com/v1/payments/payment/PAY-1D128310M8215240LLXNRFMA
[25-11-2019 08:58:03] PayPal\Core\PayPalHttpConnection : INFO: Response Status 	: 200
[25-11-2019 08:58:03] PayPal\Core\PayPalHttpConnection : INFO: POST https://api.sandbox.paypal.com/v1/payments/payment/PAY-1D128310M8215240LLXNRFMA/execute
[25-11-2019 08:58:04] PayPal\Core\PayPalHttpConnection : INFO: Response Status 	: 400
[25-11-2019 08:58:04] PayPal\Core\PayPalHttpConnection : ERROR: Got Http response code 400 when accessing https://api.sandbox.paypal.com/v1/payments/payment/PAY-1D128310M8215240LLXNRFMA/execute. {"name":"VALIDATION_ERROR","details":[{"field":"purchase_units[0]","issue":"Item amount must add up to specified amount subtotal (or total if amount details not specified)"}],"message":"Invalid request - see details","information_link":"https://developer.paypal.com/docs/api/payments/#errors","debug_id":"aa0dad9d3bfad"}
[25-11-2019 08:58:45] PayPal\Core\PayPalHttpConnection : INFO: POST https://api.sandbox.paypal.com/v1/oauth2/token
[25-11-2019 08:58:47] PayPal\Core\PayPalHttpConnection : INFO: Response Status 	: 200
[25-11-2019 08:58:47] PayPal\Core\PayPalHttpConnection : INFO: GET https://api.sandbox.paypal.com/v1/payments/payment/PAY-1D128310M8215240LLXNRFMA
[25-11-2019 08:58:49] PayPal\Core\PayPalHttpConnection : INFO: Response Status 	: 200
[25-11-2019 08:58:49] PayPal\Core\PayPalHttpConnection : INFO: POST https://api.sandbox.paypal.com/v1/payments/payment/PAY-1D128310M8215240LLXNRFMA/execute
[25-11-2019 08:58:50] PayPal\Core\PayPalHttpConnection : INFO: Response Status 	: 400
[25-11-2019 08:58:50] PayPal\Core\PayPalHttpConnection : ERROR: Got Http response code 400 when accessing https://api.sandbox.paypal.com/v1/payments/payment/PAY-1D128310M8215240LLXNRFMA/execute. {"name":"VALIDATION_ERROR","details":[{"field":"purchase_units[0]","issue":"Item amount must add up to specified amount subtotal (or total if amount details not specified)"}],"message":"Invalid request - see details","information_link":"https://developer.paypal.com/docs/api/payments/#errors","debug_id":"fadcb707c94f0"}
[25-11-2019 08:59:14] PayPal\Core\PayPalHttpConnection : INFO: POST https://api.sandbox.paypal.com/v1/oauth2/token
[25-11-2019 08:59:16] PayPal\Core\PayPalHttpConnection : INFO: Response Status 	: 200
[25-11-2019 08:59:16] PayPal\Core\PayPalHttpConnection : INFO: GET https://api.sandbox.paypal.com/v1/payments/payment/PAY-1D128310M8215240LLXNRFMA
[25-11-2019 08:59:18] PayPal\Core\PayPalHttpConnection : INFO: Response Status 	: 200
[25-11-2019 08:59:18] PayPal\Core\PayPalHttpConnection : INFO: POST https://api.sandbox.paypal.com/v1/payments/payment/PAY-1D128310M8215240LLXNRFMA/execute
[25-11-2019 08:59:20] PayPal\Core\PayPalHttpConnection : INFO: Response Status 	: 400
[25-11-2019 08:59:20] PayPal\Core\PayPalHttpConnection : ERROR: Got Http response code 400 when accessing https://api.sandbox.paypal.com/v1/payments/payment/PAY-1D128310M8215240LLXNRFMA/execute. {"name":"VALIDATION_ERROR","details":[{"field":"purchase_units[0]","issue":"Item amount must add up to specified amount subtotal (or total if amount details not specified)"}],"message":"Invalid request - see details","information_link":"https://developer.paypal.com/docs/api/payments/#errors","debug_id":"fb6e4681e8bb3"}
[25-11-2019 09:29:36] PayPal\Core\PayPalHttpConnection : INFO: POST https://api.sandbox.paypal.com/v1/oauth2/token
[25-11-2019 09:29:38] PayPal\Core\PayPalHttpConnection : INFO: Response Status 	: 200
[25-11-2019 09:29:38] PayPal\Core\PayPalHttpConnection : INFO: POST https://api.sandbox.paypal.com/v1/payments/payment
[25-11-2019 09:29:41] PayPal\Core\PayPalHttpConnection : INFO: Response Status 	: 201
[25-11-2019 09:30:05] PayPal\Core\PayPalHttpConnection : INFO: POST https://api.sandbox.paypal.com/v1/oauth2/token
[25-11-2019 09:30:06] PayPal\Core\PayPalHttpConnection : INFO: Response Status 	: 200
[25-11-2019 09:30:06] PayPal\Core\PayPalHttpConnection : INFO: POST https://api.sandbox.paypal.com/v1/payments/payment
[25-11-2019 09:30:09] PayPal\Core\PayPalHttpConnection : INFO: Response Status 	: 201
[25-11-2019 09:33:29] PayPal\Core\PayPalHttpConnection : INFO: POST https://api.sandbox.paypal.com/v1/oauth2/token
[25-11-2019 09:33:32] PayPal\Core\PayPalHttpConnection : INFO: Response Status 	: 200
[25-11-2019 09:33:32] PayPal\Core\PayPalHttpConnection : INFO: GET https://api.sandbox.paypal.com/v1/payments/payment/PAY-89828886R0360012MLXNZ6IA
[25-11-2019 09:33:34] PayPal\Core\PayPalHttpConnection : INFO: Response Status 	: 200
[25-11-2019 09:34:01] PayPal\Core\PayPalHttpConnection : INFO: POST https://api.sandbox.paypal.com/v1/oauth2/token
[25-11-2019 09:34:03] PayPal\Core\PayPalHttpConnection : INFO: Response Status 	: 200
[25-11-2019 09:34:03] PayPal\Core\PayPalHttpConnection : INFO: GET https://api.sandbox.paypal.com/v1/payments/payment/PAY-89828886R0360012MLXNZ6IA
[25-11-2019 09:34:05] PayPal\Core\PayPalHttpConnection : INFO: Response Status 	: 200
[25-11-2019 09:34:48] PayPal\Core\PayPalHttpConnection : INFO: POST https://api.sandbox.paypal.com/v1/oauth2/token
[25-11-2019 09:34:49] PayPal\Core\PayPalHttpConnection : INFO: Response Status 	: 200
[25-11-2019 09:34:49] PayPal\Core\PayPalHttpConnection : INFO: GET https://api.sandbox.paypal.com/v1/payments/payment/PAY-89828886R0360012MLXNZ6IA
[25-11-2019 09:34:52] PayPal\Core\PayPalHttpConnection : INFO: Response Status 	: 200
[25-11-2019 09:35:20] PayPal\Core\PayPalHttpConnection : INFO: POST https://api.sandbox.paypal.com/v1/oauth2/token
[25-11-2019 09:35:22] PayPal\Core\PayPalHttpConnection : INFO: Response Status 	: 200
[25-11-2019 09:35:22] PayPal\Core\PayPalHttpConnection : INFO: GET https://api.sandbox.paypal.com/v1/payments/payment/PAY-89828886R0360012MLXNZ6IA
[25-11-2019 09:35:24] PayPal\Core\PayPalHttpConnection : INFO: Response Status 	: 200
[25-11-2019 09:35:24] PayPal\Core\PayPalHttpConnection : INFO: POST https://api.sandbox.paypal.com/v1/oauth2/token
[25-11-2019 09:35:26] PayPal\Core\PayPalHttpConnection : INFO: Response Status 	: 200
[25-11-2019 09:35:26] PayPal\Core\PayPalHttpConnection : INFO: POST https://api.sandbox.paypal.com/v1/payments/payment/PAY-89828886R0360012MLXNZ6IA/execute
[25-11-2019 09:35:28] PayPal\Core\PayPalHttpConnection : INFO: Response Status 	: 400
[25-11-2019 09:35:28] PayPal\Core\PayPalHttpConnection : ERROR: Got Http response code 400 when accessing https://api.sandbox.paypal.com/v1/payments/payment/PAY-89828886R0360012MLXNZ6IA/execute. {"name":"VALIDATION_ERROR","details":[{"field":"purchase_units[0]","issue":"Item amount must add up to specified amount subtotal (or total if amount details not specified)"}],"message":"Invalid request - see details","information_link":"https://developer.paypal.com/docs/api/payments/#errors","debug_id":"700380910ebd1"}
[25-11-2019 09:37:46] PayPal\Core\PayPalHttpConnection : INFO: POST https://api.sandbox.paypal.com/v1/oauth2/token
[25-11-2019 09:37:48] PayPal\Core\PayPalHttpConnection : INFO: Response Status 	: 200
[25-11-2019 09:37:48] PayPal\Core\PayPalHttpConnection : INFO: GET https://api.sandbox.paypal.com/v1/payments/payment/PAY-89828886R0360012MLXNZ6IA
[25-11-2019 09:37:50] PayPal\Core\PayPalHttpConnection : INFO: Response Status 	: 200
[25-11-2019 09:37:50] PayPal\Core\PayPalHttpConnection : INFO: POST https://api.sandbox.paypal.com/v1/payments/payment/PAY-89828886R0360012MLXNZ6IA/execute
[25-11-2019 09:37:52] PayPal\Core\PayPalHttpConnection : INFO: Response Status 	: 400
[25-11-2019 09:37:52] PayPal\Core\PayPalHttpConnection : ERROR: Got Http response code 400 when accessing https://api.sandbox.paypal.com/v1/payments/payment/PAY-89828886R0360012MLXNZ6IA/execute. {"name":"VALIDATION_ERROR","details":[{"field":"purchase_units[0]","issue":"Item amount must add up to specified amount subtotal (or total if amount details not specified)"}],"message":"Invalid request - see details","information_link":"https://developer.paypal.com/docs/api/payments/#errors","debug_id":"232e7b7bea843"}
[25-11-2019 09:40:37] PayPal\Core\PayPalHttpConnection : INFO: POST https://api.sandbox.paypal.com/v1/oauth2/token
[25-11-2019 09:40:40] PayPal\Core\PayPalHttpConnection : INFO: Response Status 	: 200
[25-11-2019 09:40:40] PayPal\Core\PayPalHttpConnection : INFO: GET https://api.sandbox.paypal.com/v1/payments/payment/PAY-89828886R0360012MLXNZ6IA
[25-11-2019 09:40:42] PayPal\Core\PayPalHttpConnection : INFO: Response Status 	: 200
[25-11-2019 09:40:42] PayPal\Core\PayPalHttpConnection : INFO: POST https://api.sandbox.paypal.com/v1/payments/payment/PAY-89828886R0360012MLXNZ6IA/execute
[25-11-2019 09:40:43] PayPal\Core\PayPalHttpConnection : INFO: Response Status 	: 400
[25-11-2019 09:40:43] PayPal\Core\PayPalHttpConnection : ERROR: Got Http response code 400 when accessing https://api.sandbox.paypal.com/v1/payments/payment/PAY-89828886R0360012MLXNZ6IA/execute. {"name":"VALIDATION_ERROR","details":[{"field":"purchase_units[0]","issue":"Item amount must add up to specified amount subtotal (or total if amount details not specified)"}],"message":"Invalid request - see details","information_link":"https://developer.paypal.com/docs/api/payments/#errors","debug_id":"d8858b16336af"}
[25-11-2019 09:51:11] PayPal\Core\PayPalHttpConnection : INFO: POST https://api.sandbox.paypal.com/v1/oauth2/token
[25-11-2019 09:51:13] PayPal\Core\PayPalHttpConnection : INFO: Response Status 	: 200
[25-11-2019 09:51:13] PayPal\Core\PayPalHttpConnection : INFO: GET https://api.sandbox.paypal.com/v1/payments/payment/PAY-89828886R0360012MLXNZ6IA
[25-11-2019 09:51:15] PayPal\Core\PayPalHttpConnection : INFO: Response Status 	: 200
[25-11-2019 09:51:15] PayPal\Core\PayPalHttpConnection : INFO: POST https://api.sandbox.paypal.com/v1/payments/payment/PAY-89828886R0360012MLXNZ6IA/execute
[25-11-2019 09:51:16] PayPal\Core\PayPalHttpConnection : INFO: Response Status 	: 400
[25-11-2019 09:51:16] PayPal\Core\PayPalHttpConnection : ERROR: Got Http response code 400 when accessing https://api.sandbox.paypal.com/v1/payments/payment/PAY-89828886R0360012MLXNZ6IA/execute. {"name":"VALIDATION_ERROR","details":[{"field":"purchase_units[0]","issue":"Item amount must add up to specified amount subtotal (or total if amount details not specified)"}],"message":"Invalid request - see details","information_link":"https://developer.paypal.com/docs/api/payments/#errors","debug_id":"23af8adafcfaf"}
[25-11-2019 09:51:28] PayPal\Core\PayPalHttpConnection : INFO: POST https://api.sandbox.paypal.com/v1/oauth2/token
[25-11-2019 09:51:29] PayPal\Core\PayPalHttpConnection : INFO: Response Status 	: 200
[25-11-2019 09:51:29] PayPal\Core\PayPalHttpConnection : INFO: GET https://api.sandbox.paypal.com/v1/payments/payment/PAY-89828886R0360012MLXNZ6IA
[25-11-2019 09:51:31] PayPal\Core\PayPalHttpConnection : INFO: Response Status 	: 200
[25-11-2019 09:51:31] PayPal\Core\PayPalHttpConnection : INFO: POST https://api.sandbox.paypal.com/v1/payments/payment/PAY-89828886R0360012MLXNZ6IA/execute
[25-11-2019 09:51:33] PayPal\Core\PayPalHttpConnection : INFO: Response Status 	: 400
[25-11-2019 09:51:33] PayPal\Core\PayPalHttpConnection : ERROR: Got Http response code 400 when accessing https://api.sandbox.paypal.com/v1/payments/payment/PAY-89828886R0360012MLXNZ6IA/execute. {"name":"VALIDATION_ERROR","details":[{"field":"purchase_units[0]","issue":"Item amount must add up to specified amount subtotal (or total if amount details not specified)"}],"message":"Invalid request - see details","information_link":"https://developer.paypal.com/docs/api/payments/#errors","debug_id":"364b476e7e6f"}
[25-11-2019 10:00:43] PayPal\Core\PayPalHttpConnection : INFO: POST https://api.sandbox.paypal.com/v1/oauth2/token
[25-11-2019 10:00:46] PayPal\Core\PayPalHttpConnection : INFO: Response Status 	: 200
[25-11-2019 10:00:46] PayPal\Core\PayPalHttpConnection : INFO: POST https://api.sandbox.paypal.com/v1/payments/payment
[25-11-2019 10:00:48] PayPal\Core\PayPalHttpConnection : INFO: Response Status 	: 201
[25-11-2019 10:02:17] PayPal\Core\PayPalHttpConnection : INFO: POST https://api.sandbox.paypal.com/v1/oauth2/token
[25-11-2019 10:02:18] PayPal\Core\PayPalHttpConnection : INFO: Response Status 	: 200
[25-11-2019 10:02:18] PayPal\Core\PayPalHttpConnection : INFO: GET https://api.sandbox.paypal.com/v1/payments/payment/PAY-59D02395HL562241WLXN2MUA
[25-11-2019 10:02:20] PayPal\Core\PayPalHttpConnection : INFO: Response Status 	: 200
[25-11-2019 10:02:20] PayPal\Core\PayPalHttpConnection : INFO: POST https://api.sandbox.paypal.com/v1/payments/payment/PAY-59D02395HL562241WLXN2MUA/execute
[25-11-2019 10:02:22] PayPal\Core\PayPalHttpConnection : INFO: Response Status 	: 400
[25-11-2019 10:02:22] PayPal\Core\PayPalHttpConnection : ERROR: Got Http response code 400 when accessing https://api.sandbox.paypal.com/v1/payments/payment/PAY-59D02395HL562241WLXN2MUA/execute. {"name":"VALIDATION_ERROR","details":[{"field":"purchase_units[0]","issue":"Item amount must add up to specified amount subtotal (or total if amount details not specified)"}],"message":"Invalid request - see details","information_link":"https://developer.paypal.com/docs/api/payments/#errors","debug_id":"f4775f4beb149"}
[25-11-2019 10:23:46] PayPal\Core\PayPalHttpConnection : INFO: POST https://api.sandbox.paypal.com/v1/oauth2/token
[25-11-2019 10:23:48] PayPal\Core\PayPalHttpConnection : INFO: Response Status 	: 200
[25-11-2019 10:23:48] PayPal\Core\PayPalHttpConnection : INFO: POST https://api.sandbox.paypal.com/v1/payments/payment
[25-11-2019 10:23:55] PayPal\Core\PayPalHttpConnection : INFO: Response Status 	: 201
[25-11-2019 10:25:27] PayPal\Core\PayPalHttpConnection : INFO: POST https://api.sandbox.paypal.com/v1/oauth2/token
[25-11-2019 10:25:29] PayPal\Core\PayPalHttpConnection : INFO: Response Status 	: 200
[25-11-2019 10:25:29] PayPal\Core\PayPalHttpConnection : INFO: POST https://api.sandbox.paypal.com/v1/payments/payment
[25-11-2019 10:25:32] PayPal\Core\PayPalHttpConnection : INFO: Response Status 	: 201
[25-11-2019 10:27:05] PayPal\Core\PayPalHttpConnection : INFO: POST https://api.sandbox.paypal.com/v1/oauth2/token
[25-11-2019 10:27:07] PayPal\Core\PayPalHttpConnection : INFO: Response Status 	: 200
[25-11-2019 10:27:07] PayPal\Core\PayPalHttpConnection : INFO: POST https://api.sandbox.paypal.com/v1/payments/payment
[25-11-2019 10:27:13] PayPal\Core\PayPalHttpConnection : INFO: Response Status 	: 201
[25-11-2019 10:27:47] PayPal\Core\PayPalHttpConnection : INFO: POST https://api.sandbox.paypal.com/v1/oauth2/token
[25-11-2019 10:27:49] PayPal\Core\PayPalHttpConnection : INFO: Response Status 	: 200
[25-11-2019 10:27:49] PayPal\Core\PayPalHttpConnection : INFO: POST https://api.sandbox.paypal.com/v1/payments/payment
[25-11-2019 10:27:51] PayPal\Core\PayPalHttpConnection : INFO: Response Status 	: 201
[25-11-2019 10:29:11] PayPal\Core\PayPalHttpConnection : INFO: POST https://api.sandbox.paypal.com/v1/oauth2/token
[25-11-2019 10:29:13] PayPal\Core\PayPalHttpConnection : INFO: Response Status 	: 200
[25-11-2019 10:29:13] PayPal\Core\PayPalHttpConnection : INFO: GET https://api.sandbox.paypal.com/v1/payments/payment/PAY-4U282489UF176030LLXN2ZJY
[25-11-2019 10:29:15] PayPal\Core\PayPalHttpConnection : INFO: Response Status 	: 200
[25-11-2019 10:29:15] PayPal\Core\PayPalHttpConnection : INFO: POST https://api.sandbox.paypal.com/v1/payments/payment/PAY-4U282489UF176030LLXN2ZJY/execute
[25-11-2019 10:29:17] PayPal\Core\PayPalHttpConnection : INFO: Response Status 	: 400
[25-11-2019 10:29:17] PayPal\Core\PayPalHttpConnection : ERROR: Got Http response code 400 when accessing https://api.sandbox.paypal.com/v1/payments/payment/PAY-4U282489UF176030LLXN2ZJY/execute. {"name":"VALIDATION_ERROR","details":[{"field":"purchase_units[0]","issue":"Item amount must add up to specified amount subtotal (or total if amount details not specified)"}],"message":"Invalid request - see details","information_link":"https://developer.paypal.com/docs/api/payments/#errors","debug_id":"3aea977342072"}
[25-11-2019 10:29:22] PayPal\Core\PayPalHttpConnection : INFO: POST https://api.sandbox.paypal.com/v1/oauth2/token
[25-11-2019 10:29:24] PayPal\Core\PayPalHttpConnection : INFO: Response Status 	: 200
[25-11-2019 10:29:24] PayPal\Core\PayPalHttpConnection : INFO: GET https://api.sandbox.paypal.com/v1/payments/payment/PAY-4U282489UF176030LLXN2ZJY
[25-11-2019 10:29:26] PayPal\Core\PayPalHttpConnection : INFO: Response Status 	: 200
[25-11-2019 10:29:26] PayPal\Core\PayPalHttpConnection : INFO: POST https://api.sandbox.paypal.com/v1/payments/payment/PAY-4U282489UF176030LLXN2ZJY/execute
[25-11-2019 10:29:29] PayPal\Core\PayPalHttpConnection : INFO: Response Status 	: 200
[25-11-2019 10:42:18] PayPal\Core\PayPalHttpConnection : INFO: POST https://api.sandbox.paypal.com/v1/oauth2/token
[25-11-2019 10:42:24] PayPal\Core\PayPalHttpConnection : INFO: Response Status 	: 200
[25-11-2019 10:42:24] PayPal\Core\PayPalHttpConnection : INFO: POST https://api.sandbox.paypal.com/v1/payments/payment
[25-11-2019 10:42:30] PayPal\Core\PayPalHttpConnection : INFO: Response Status 	: 201
[25-11-2019 10:44:08] PayPal\Core\PayPalHttpConnection : INFO: POST https://api.sandbox.paypal.com/v1/oauth2/token
[25-11-2019 10:44:10] PayPal\Core\PayPalHttpConnection : INFO: Response Status 	: 200
[25-11-2019 10:44:10] PayPal\Core\PayPalHttpConnection : INFO: GET https://api.sandbox.paypal.com/v1/payments/payment/PAY-7M93511534216794GLXN3AFA
[25-11-2019 10:44:12] PayPal\Core\PayPalHttpConnection : INFO: Response Status 	: 200
[25-11-2019 10:44:12] PayPal\Core\PayPalHttpConnection : INFO: POST https://api.sandbox.paypal.com/v1/payments/payment/PAY-7M93511534216794GLXN3AFA/execute
[25-11-2019 10:44:14] PayPal\Core\PayPalHttpConnection : INFO: Response Status 	: 400
[25-11-2019 10:44:14] PayPal\Core\PayPalHttpConnection : ERROR: Got Http response code 400 when accessing https://api.sandbox.paypal.com/v1/payments/payment/PAY-7M93511534216794GLXN3AFA/execute. {"name":"VALIDATION_ERROR","message":"Invalid request - see details","debug_id":"44b714aca61fd","information_link":"https://developer.paypal.com/docs/api/payments/#errors","details":[{"field":"transactions.amount","location":"body","issue":"Cannot construct instance of `com.paypal.platform.payments.model.rest.common.Amount`, problem: INVALID_CURRENCY_AMOUNT_FORMAT line: 1, column: 72"}]}
[25-11-2019 10:44:46] PayPal\Core\PayPalHttpConnection : INFO: POST https://api.sandbox.paypal.com/v1/oauth2/token
[25-11-2019 10:44:48] PayPal\Core\PayPalHttpConnection : INFO: Response Status 	: 200
[25-11-2019 10:44:48] PayPal\Core\PayPalHttpConnection : INFO: GET https://api.sandbox.paypal.com/v1/payments/payment/PAY-7M93511534216794GLXN3AFA
[25-11-2019 10:44:50] PayPal\Core\PayPalHttpConnection : INFO: Response Status 	: 200
[25-11-2019 10:45:03] PayPal\Core\PayPalHttpConnection : INFO: POST https://api.sandbox.paypal.com/v1/oauth2/token
[25-11-2019 10:45:05] PayPal\Core\PayPalHttpConnection : INFO: Response Status 	: 200
[25-11-2019 10:45:05] PayPal\Core\PayPalHttpConnection : INFO: GET https://api.sandbox.paypal.com/v1/payments/payment/PAY-7M93511534216794GLXN3AFA
[25-11-2019 10:45:06] PayPal\Core\PayPalHttpConnection : INFO: Response Status 	: 200
[25-11-2019 10:45:23] PayPal\Core\PayPalHttpConnection : INFO: POST https://api.sandbox.paypal.com/v1/oauth2/token
[25-11-2019 10:45:25] PayPal\Core\PayPalHttpConnection : INFO: Response Status 	: 200
[25-11-2019 10:45:25] PayPal\Core\PayPalHttpConnection : INFO: GET https://api.sandbox.paypal.com/v1/payments/payment/PAY-7M93511534216794GLXN3AFA
[25-11-2019 10:45:27] PayPal\Core\PayPalHttpConnection : INFO: Response Status 	: 200
[25-11-2019 10:46:14] PayPal\Core\PayPalHttpConnection : INFO: POST https://api.sandbox.paypal.com/v1/oauth2/token
[25-11-2019 10:46:15] PayPal\Core\PayPalHttpConnection : INFO: Response Status 	: 200
[25-11-2019 10:46:15] PayPal\Core\PayPalHttpConnection : INFO: GET https://api.sandbox.paypal.com/v1/payments/payment/PAY-7M93511534216794GLXN3AFA
[25-11-2019 10:46:18] PayPal\Core\PayPalHttpConnection : INFO: Response Status 	: 200
[25-11-2019 10:46:34] PayPal\Core\PayPalHttpConnection : INFO: POST https://api.sandbox.paypal.com/v1/oauth2/token
[25-11-2019 10:46:36] PayPal\Core\PayPalHttpConnection : INFO: Response Status 	: 200
[25-11-2019 10:46:36] PayPal\Core\PayPalHttpConnection : INFO: GET https://api.sandbox.paypal.com/v1/payments/payment/PAY-7M93511534216794GLXN3AFA
[25-11-2019 10:46:38] PayPal\Core\PayPalHttpConnection : INFO: Response Status 	: 200
[25-11-2019 10:46:38] PayPal\Core\PayPalHttpConnection : INFO: POST https://api.sandbox.paypal.com/v1/payments/payment/PAY-7M93511534216794GLXN3AFA/execute
[25-11-2019 10:46:41] PayPal\Core\PayPalHttpConnection : INFO: Response Status 	: 200
[25-11-2019 20:05:47] PayPal\Core\PayPalHttpConnection : INFO: POST https://api.sandbox.paypal.com/v1/oauth2/token
[25-11-2019 20:05:50] PayPal\Core\PayPalHttpConnection : INFO: Response Status 	: 200
[25-11-2019 20:05:50] PayPal\Core\PayPalHttpConnection : INFO: POST https://api.sandbox.paypal.com/v1/payments/payment
[25-11-2019 20:05:53] PayPal\Core\PayPalHttpConnection : INFO: Response Status 	: 201
[25-11-2019 20:07:03] PayPal\Core\PayPalHttpConnection : INFO: POST https://api.sandbox.paypal.com/v1/oauth2/token
[25-11-2019 20:07:05] PayPal\Core\PayPalHttpConnection : INFO: Response Status 	: 200
[25-11-2019 20:07:05] PayPal\Core\PayPalHttpConnection : INFO: GET https://api.sandbox.paypal.com/v1/payments/payment/PAY-9PL41802LC5772812LXODIIA
[25-11-2019 20:07:07] PayPal\Core\PayPalHttpConnection : INFO: Response Status 	: 200
[25-11-2019 20:07:07] PayPal\Core\PayPalHttpConnection : INFO: POST https://api.sandbox.paypal.com/v1/payments/payment/PAY-9PL41802LC5772812LXODIIA/execute
[25-11-2019 20:07:11] PayPal\Core\PayPalHttpConnection : INFO: Response Status 	: 200
[25-11-2019 20:08:41] PayPal\Core\PayPalHttpConnection : INFO: POST https://api.sandbox.paypal.com/v1/oauth2/token
[25-11-2019 20:08:42] PayPal\Core\PayPalHttpConnection : INFO: Response Status 	: 200
[25-11-2019 20:08:42] PayPal\Core\PayPalHttpConnection : INFO: GET https://api.sandbox.paypal.com/v1/payments/payment/PAY-9PL41802LC5772812LXODIIA
[25-11-2019 20:08:45] PayPal\Core\PayPalHttpConnection : INFO: Response Status 	: 200
[25-11-2019 20:08:45] PayPal\Core\PayPalHttpConnection : INFO: POST https://api.sandbox.paypal.com/v1/payments/payment/PAY-9PL41802LC5772812LXODIIA/execute
[25-11-2019 20:08:46] PayPal\Core\PayPalHttpConnection : INFO: Response Status 	: 400
[25-11-2019 20:08:46] PayPal\Core\PayPalHttpConnection : ERROR: Got Http response code 400 when accessing https://api.sandbox.paypal.com/v1/payments/payment/PAY-9PL41802LC5772812LXODIIA/execute. {"name":"PAYMENT_ALREADY_DONE","message":"Payment has been done already for this cart.","information_link":"https://developer.paypal.com/docs/api/payments/#errors","debug_id":"12cbd5bf6e10c"}
[25-11-2019 20:09:03] PayPal\Core\PayPalHttpConnection : INFO: POST https://api.sandbox.paypal.com/v1/oauth2/token
[25-11-2019 20:09:05] PayPal\Core\PayPalHttpConnection : INFO: Response Status 	: 200
[25-11-2019 20:09:05] PayPal\Core\PayPalHttpConnection : INFO: GET https://api.sandbox.paypal.com/v1/payments/payment/PAY-9PL41802LC5772812LXODIIA
[25-11-2019 20:09:11] PayPal\Core\PayPalHttpConnection : INFO: Response Status 	: 200
[25-11-2019 20:09:11] PayPal\Core\PayPalHttpConnection : INFO: POST https://api.sandbox.paypal.com/v1/payments/payment/PAY-9PL41802LC5772812LXODIIA/execute
[25-11-2019 20:09:13] PayPal\Core\PayPalHttpConnection : INFO: Response Status 	: 400
[25-11-2019 20:09:13] PayPal\Core\PayPalHttpConnection : ERROR: Got Http response code 400 when accessing https://api.sandbox.paypal.com/v1/payments/payment/PAY-9PL41802LC5772812LXODIIA/execute. {"name":"PAYMENT_ALREADY_DONE","message":"Payment has been done already for this cart.","information_link":"https://developer.paypal.com/docs/api/payments/#errors","debug_id":"4220b3b822dfc"}
[25-11-2019 20:09:16] PayPal\Core\PayPalHttpConnection : INFO: POST https://api.sandbox.paypal.com/v1/oauth2/token
[25-11-2019 20:09:18] PayPal\Core\PayPalHttpConnection : INFO: Response Status 	: 200
[25-11-2019 20:09:18] PayPal\Core\PayPalHttpConnection : INFO: GET https://api.sandbox.paypal.com/v1/payments/payment/PAY-9PL41802LC5772812LXODIIA
[25-11-2019 20:09:20] PayPal\Core\PayPalHttpConnection : INFO: Response Status 	: 200
[25-11-2019 20:09:20] PayPal\Core\PayPalHttpConnection : INFO: POST https://api.sandbox.paypal.com/v1/payments/payment/PAY-9PL41802LC5772812LXODIIA/execute
[25-11-2019 20:09:22] PayPal\Core\PayPalHttpConnection : INFO: Response Status 	: 400
[25-11-2019 20:09:22] PayPal\Core\PayPalHttpConnection : ERROR: Got Http response code 400 when accessing https://api.sandbox.paypal.com/v1/payments/payment/PAY-9PL41802LC5772812LXODIIA/execute. {"name":"PAYMENT_ALREADY_DONE","message":"Payment has been done already for this cart.","information_link":"https://developer.paypal.com/docs/api/payments/#errors","debug_id":"41a40d74fe50b"}
[25-11-2019 20:28:16] PayPal\Core\PayPalHttpConnection : INFO: POST https://api.sandbox.paypal.com/v1/oauth2/token
[25-11-2019 20:28:19] PayPal\Core\PayPalHttpConnection : INFO: Response Status 	: 200
[25-11-2019 20:28:19] PayPal\Core\PayPalHttpConnection : INFO: GET https://api.sandbox.paypal.com/v1/payments/payment/PAY-9PL41802LC5772812LXODIIA
[25-11-2019 20:28:21] PayPal\Core\PayPalHttpConnection : INFO: Response Status 	: 200
[25-11-2019 20:28:21] PayPal\Core\PayPalHttpConnection : INFO: POST https://api.sandbox.paypal.com/v1/payments/payment/PAY-9PL41802LC5772812LXODIIA/execute
[25-11-2019 20:28:23] PayPal\Core\PayPalHttpConnection : INFO: Response Status 	: 400
[25-11-2019 20:28:23] PayPal\Core\PayPalHttpConnection : ERROR: Got Http response code 400 when accessing https://api.sandbox.paypal.com/v1/payments/payment/PAY-9PL41802LC5772812LXODIIA/execute. {"name":"PAYMENT_ALREADY_DONE","message":"Payment has been done already for this cart.","information_link":"https://developer.paypal.com/docs/api/payments/#errors","debug_id":"3aad64b9f466a"}
[25-11-2019 20:28:50] PayPal\Core\PayPalHttpConnection : INFO: POST https://api.sandbox.paypal.com/v1/oauth2/token
[25-11-2019 20:28:52] PayPal\Core\PayPalHttpConnection : INFO: Response Status 	: 200
[25-11-2019 20:28:52] PayPal\Core\PayPalHttpConnection : INFO: GET https://api.sandbox.paypal.com/v1/payments/payment/PAY-9PL41802LC5772812LXODIIA
[25-11-2019 20:28:54] PayPal\Core\PayPalHttpConnection : INFO: Response Status 	: 200
[25-11-2019 20:28:54] PayPal\Core\PayPalHttpConnection : INFO: POST https://api.sandbox.paypal.com/v1/payments/payment/PAY-9PL41802LC5772812LXODIIA/execute
[25-11-2019 20:28:56] PayPal\Core\PayPalHttpConnection : INFO: Response Status 	: 400
[25-11-2019 20:28:56] PayPal\Core\PayPalHttpConnection : ERROR: Got Http response code 400 when accessing https://api.sandbox.paypal.com/v1/payments/payment/PAY-9PL41802LC5772812LXODIIA/execute. {"name":"PAYMENT_ALREADY_DONE","message":"Payment has been done already for this cart.","information_link":"https://developer.paypal.com/docs/api/payments/#errors","debug_id":"de27efc411178"}
[25-11-2019 20:29:17] PayPal\Core\PayPalHttpConnection : INFO: POST https://api.sandbox.paypal.com/v1/oauth2/token
[25-11-2019 20:29:19] PayPal\Core\PayPalHttpConnection : INFO: Response Status 	: 200
[25-11-2019 20:29:19] PayPal\Core\PayPalHttpConnection : INFO: GET https://api.sandbox.paypal.com/v1/payments/payment/PAY-9PL41802LC5772812LXODIIA
[25-11-2019 20:29:21] PayPal\Core\PayPalHttpConnection : INFO: Response Status 	: 200
[25-11-2019 20:29:21] PayPal\Core\PayPalHttpConnection : INFO: POST https://api.sandbox.paypal.com/v1/payments/payment/PAY-9PL41802LC5772812LXODIIA/execute
[25-11-2019 20:29:22] PayPal\Core\PayPalHttpConnection : INFO: Response Status 	: 400
[25-11-2019 20:29:22] PayPal\Core\PayPalHttpConnection : ERROR: Got Http response code 400 when accessing https://api.sandbox.paypal.com/v1/payments/payment/PAY-9PL41802LC5772812LXODIIA/execute. {"name":"PAYMENT_ALREADY_DONE","message":"Payment has been done already for this cart.","information_link":"https://developer.paypal.com/docs/api/payments/#errors","debug_id":"8e6cdeffd22a7"}
[25-11-2019 20:29:59] PayPal\Core\PayPalHttpConnection : INFO: POST https://api.sandbox.paypal.com/v1/oauth2/token
[25-11-2019 20:30:01] PayPal\Core\PayPalHttpConnection : INFO: Response Status 	: 200
[25-11-2019 20:30:01] PayPal\Core\PayPalHttpConnection : INFO: POST https://api.sandbox.paypal.com/v1/payments/payment
[25-11-2019 20:30:04] PayPal\Core\PayPalHttpConnection : INFO: Response Status 	: 201
[25-11-2019 20:30:42] PayPal\Core\PayPalHttpConnection : INFO: POST https://api.sandbox.paypal.com/v1/oauth2/token
[25-11-2019 20:30:45] PayPal\Core\PayPalHttpConnection : INFO: Response Status 	: 200
[25-11-2019 20:30:45] PayPal\Core\PayPalHttpConnection : INFO: GET https://api.sandbox.paypal.com/v1/payments/payment/PAY-64U09574PR782594CLXODTSY
[25-11-2019 20:30:47] PayPal\Core\PayPalHttpConnection : INFO: Response Status 	: 200
[25-11-2019 20:30:47] PayPal\Core\PayPalHttpConnection : INFO: POST https://api.sandbox.paypal.com/v1/payments/payment/PAY-64U09574PR782594CLXODTSY/execute
[25-11-2019 20:30:51] PayPal\Core\PayPalHttpConnection : INFO: Response Status 	: 200
[25-11-2019 20:30:51] PayPal\Core\PayPalHttpConnection : INFO: GET https://api.sandbox.paypal.com/v1/payments/payment/PAY-64U09574PR782594CLXODTSY
[25-11-2019 20:30:56] PayPal\Core\PayPalHttpConnection : INFO: Response Status 	: 200
[25-11-2019 20:31:21] PayPal\Core\PayPalHttpConnection : INFO: POST https://api.sandbox.paypal.com/v1/oauth2/token
[25-11-2019 20:31:22] PayPal\Core\PayPalHttpConnection : INFO: Response Status 	: 200
[25-11-2019 20:31:22] PayPal\Core\PayPalHttpConnection : INFO: GET https://api.sandbox.paypal.com/v1/payments/payment/PAY-64U09574PR782594CLXODTSY
[25-11-2019 20:31:25] PayPal\Core\PayPalHttpConnection : INFO: Response Status 	: 200
[25-11-2019 20:31:25] PayPal\Core\PayPalHttpConnection : INFO: POST https://api.sandbox.paypal.com/v1/payments/payment/PAY-64U09574PR782594CLXODTSY/execute
[25-11-2019 20:31:27] PayPal\Core\PayPalHttpConnection : INFO: Response Status 	: 400
[25-11-2019 20:31:27] PayPal\Core\PayPalHttpConnection : ERROR: Got Http response code 400 when accessing https://api.sandbox.paypal.com/v1/payments/payment/PAY-64U09574PR782594CLXODTSY/execute. {"name":"PAYMENT_ALREADY_DONE","message":"Payment has been done already for this cart.","information_link":"https://developer.paypal.com/docs/api/payments/#errors","debug_id":"73e99b26b4187"}
[25-11-2019 20:31:34] PayPal\Core\PayPalHttpConnection : INFO: POST https://api.sandbox.paypal.com/v1/oauth2/token
[25-11-2019 20:31:36] PayPal\Core\PayPalHttpConnection : INFO: Response Status 	: 200
[25-11-2019 20:31:36] PayPal\Core\PayPalHttpConnection : INFO: GET https://api.sandbox.paypal.com/v1/payments/payment/PAY-64U09574PR782594CLXODTSY
[25-11-2019 20:31:38] PayPal\Core\PayPalHttpConnection : INFO: Response Status 	: 200
[25-11-2019 20:31:38] PayPal\Core\PayPalHttpConnection : INFO: POST https://api.sandbox.paypal.com/v1/payments/payment/PAY-64U09574PR782594CLXODTSY/execute
[25-11-2019 20:31:40] PayPal\Core\PayPalHttpConnection : INFO: Response Status 	: 400
[25-11-2019 20:31:40] PayPal\Core\PayPalHttpConnection : ERROR: Got Http response code 400 when accessing https://api.sandbox.paypal.com/v1/payments/payment/PAY-64U09574PR782594CLXODTSY/execute. {"name":"PAYMENT_ALREADY_DONE","message":"Payment has been done already for this cart.","information_link":"https://developer.paypal.com/docs/api/payments/#errors","debug_id":"d5d36b3859215"}
[25-11-2019 20:32:35] PayPal\Core\PayPalHttpConnection : INFO: POST https://api.sandbox.paypal.com/v1/oauth2/token
[25-11-2019 20:32:36] PayPal\Core\PayPalHttpConnection : INFO: Response Status 	: 200
[25-11-2019 20:32:36] PayPal\Core\PayPalHttpConnection : INFO: POST https://api.sandbox.paypal.com/v1/payments/payment
[25-11-2019 20:32:40] PayPal\Core\PayPalHttpConnection : INFO: Response Status 	: 201
[25-11-2019 20:34:32] PayPal\Core\PayPalHttpConnection : INFO: POST https://api.sandbox.paypal.com/v1/oauth2/token
[25-11-2019 20:34:34] PayPal\Core\PayPalHttpConnection : INFO: Response Status 	: 200
[25-11-2019 20:34:34] PayPal\Core\PayPalHttpConnection : INFO: GET https://api.sandbox.paypal.com/v1/payments/payment/PAY-6VP82601U8591291XLXODUZY
[25-11-2019 20:34:36] PayPal\Core\PayPalHttpConnection : INFO: Response Status 	: 200
[25-11-2019 20:34:36] PayPal\Core\PayPalHttpConnection : INFO: POST https://api.sandbox.paypal.com/v1/payments/payment/PAY-6VP82601U8591291XLXODUZY/execute
[25-11-2019 20:34:40] PayPal\Core\PayPalHttpConnection : INFO: Response Status 	: 200
[25-11-2019 20:34:40] PayPal\Core\PayPalHttpConnection : INFO: GET https://api.sandbox.paypal.com/v1/payments/payment/PAY-6VP82601U8591291XLXODUZY
[25-11-2019 20:34:42] PayPal\Core\PayPalHttpConnection : INFO: Response Status 	: 200
[25-11-2019 20:35:09] PayPal\Core\PayPalHttpConnection : INFO: POST https://api.sandbox.paypal.com/v1/oauth2/token
[25-11-2019 20:35:12] PayPal\Core\PayPalHttpConnection : INFO: Response Status 	: 200
[25-11-2019 20:35:12] PayPal\Core\PayPalHttpConnection : INFO: GET https://api.sandbox.paypal.com/v1/payments/payment/PAY-6VP82601U8591291XLXODUZY
[25-11-2019 20:35:15] PayPal\Core\PayPalHttpConnection : INFO: Response Status 	: 200
[25-11-2019 20:35:15] PayPal\Core\PayPalHttpConnection : INFO: POST https://api.sandbox.paypal.com/v1/payments/payment/PAY-6VP82601U8591291XLXODUZY/execute
[25-11-2019 20:35:17] PayPal\Core\PayPalHttpConnection : INFO: Response Status 	: 400
[25-11-2019 20:35:17] PayPal\Core\PayPalHttpConnection : ERROR: Got Http response code 400 when accessing https://api.sandbox.paypal.com/v1/payments/payment/PAY-6VP82601U8591291XLXODUZY/execute. {"name":"PAYMENT_ALREADY_DONE","message":"Payment has been done already for this cart.","information_link":"https://developer.paypal.com/docs/api/payments/#errors","debug_id":"f44f28fdbf24a"}
[25-11-2019 20:35:49] PayPal\Core\PayPalHttpConnection : INFO: POST https://api.sandbox.paypal.com/v1/oauth2/token
[25-11-2019 20:35:50] PayPal\Core\PayPalHttpConnection : INFO: Response Status 	: 200
[25-11-2019 20:35:50] PayPal\Core\PayPalHttpConnection : INFO: POST https://api.sandbox.paypal.com/v1/payments/payment
[25-11-2019 20:35:53] PayPal\Core\PayPalHttpConnection : INFO: Response Status 	: 201
[25-11-2019 20:36:22] PayPal\Core\PayPalHttpConnection : INFO: POST https://api.sandbox.paypal.com/v1/oauth2/token
[25-11-2019 20:36:24] PayPal\Core\PayPalHttpConnection : INFO: Response Status 	: 200
[25-11-2019 20:36:24] PayPal\Core\PayPalHttpConnection : INFO: GET https://api.sandbox.paypal.com/v1/payments/payment/PAY-8UT706556L491431HLXODWKI
[25-11-2019 20:36:27] PayPal\Core\PayPalHttpConnection : INFO: Response Status 	: 200
[25-11-2019 20:36:27] PayPal\Core\PayPalHttpConnection : INFO: POST https://api.sandbox.paypal.com/v1/payments/payment/PAY-8UT706556L491431HLXODWKI/execute
[25-11-2019 20:36:30] PayPal\Core\PayPalHttpConnection : INFO: Response Status 	: 200
[25-11-2019 20:36:30] PayPal\Core\PayPalHttpConnection : INFO: GET https://api.sandbox.paypal.com/v1/payments/payment/PAY-8UT706556L491431HLXODWKI
[25-11-2019 20:36:32] PayPal\Core\PayPalHttpConnection : INFO: Response Status 	: 200
[25-11-2019 20:39:35] PayPal\Core\PayPalHttpConnection : INFO: POST https://api.sandbox.paypal.com/v1/oauth2/token
[25-11-2019 20:39:37] PayPal\Core\PayPalHttpConnection : INFO: Response Status 	: 200
[25-11-2019 20:39:37] PayPal\Core\PayPalHttpConnection : INFO: POST https://api.sandbox.paypal.com/v1/payments/payment
[25-11-2019 20:39:40] PayPal\Core\PayPalHttpConnection : INFO: Response Status 	: 201
[25-11-2019 20:40:12] PayPal\Core\PayPalHttpConnection : INFO: POST https://api.sandbox.paypal.com/v1/oauth2/token
[25-11-2019 20:40:13] PayPal\Core\PayPalHttpConnection : INFO: Response Status 	: 200
[25-11-2019 20:40:13] PayPal\Core\PayPalHttpConnection : INFO: GET https://api.sandbox.paypal.com/v1/payments/payment/PAY-8RH939405G578684XLXODYDA
[25-11-2019 20:40:15] PayPal\Core\PayPalHttpConnection : INFO: Response Status 	: 200
[25-11-2019 20:40:15] PayPal\Core\PayPalHttpConnection : INFO: POST https://api.sandbox.paypal.com/v1/payments/payment/PAY-8RH939405G578684XLXODYDA/execute
[25-11-2019 20:40:18] PayPal\Core\PayPalHttpConnection : INFO: Response Status 	: 200
[25-11-2019 20:40:18] PayPal\Core\PayPalHttpConnection : INFO: GET https://api.sandbox.paypal.com/v1/payments/payment/PAY-8RH939405G578684XLXODYDA
[25-11-2019 20:40:20] PayPal\Core\PayPalHttpConnection : INFO: Response Status 	: 200
[25-11-2019 20:44:18] PayPal\Core\PayPalHttpConnection : INFO: POST https://api.sandbox.paypal.com/v1/oauth2/token
[25-11-2019 20:44:20] PayPal\Core\PayPalHttpConnection : INFO: Response Status 	: 200
[25-11-2019 20:44:20] PayPal\Core\PayPalHttpConnection : INFO: POST https://api.sandbox.paypal.com/v1/payments/payment
[25-11-2019 20:44:23] PayPal\Core\PayPalHttpConnection : INFO: Response Status 	: 201
[25-11-2019 20:45:49] PayPal\Core\PayPalHttpConnection : INFO: POST https://api.sandbox.paypal.com/v1/oauth2/token
[25-11-2019 20:45:50] PayPal\Core\PayPalHttpConnection : INFO: Response Status 	: 200
[25-11-2019 20:45:50] PayPal\Core\PayPalHttpConnection : INFO: POST https://api.sandbox.paypal.com/v1/payments/payment
[25-11-2019 20:45:53] PayPal\Core\PayPalHttpConnection : INFO: Response Status 	: 201
[25-11-2019 20:46:21] PayPal\Core\PayPalHttpConnection : INFO: POST https://api.sandbox.paypal.com/v1/oauth2/token
[25-11-2019 20:46:24] PayPal\Core\PayPalHttpConnection : INFO: Response Status 	: 200
[25-11-2019 20:46:24] PayPal\Core\PayPalHttpConnection : INFO: GET https://api.sandbox.paypal.com/v1/payments/payment/PAY-5S5682639E861003RLXOD3AA
[25-11-2019 20:46:26] PayPal\Core\PayPalHttpConnection : INFO: Response Status 	: 200
[25-11-2019 20:46:26] PayPal\Core\PayPalHttpConnection : INFO: POST https://api.sandbox.paypal.com/v1/payments/payment/PAY-5S5682639E861003RLXOD3AA/execute
[25-11-2019 20:46:29] PayPal\Core\PayPalHttpConnection : INFO: Response Status 	: 200
[25-11-2019 20:46:29] PayPal\Core\PayPalHttpConnection : INFO: GET https://api.sandbox.paypal.com/v1/payments/payment/PAY-5S5682639E861003RLXOD3AA
[25-11-2019 20:46:31] PayPal\Core\PayPalHttpConnection : INFO: Response Status 	: 200
[25-11-2019 20:49:52] PayPal\Core\PayPalHttpConnection : INFO: POST https://api.sandbox.paypal.com/v1/oauth2/token
[25-11-2019 20:49:55] PayPal\Core\PayPalHttpConnection : INFO: Response Status 	: 200
[25-11-2019 20:49:55] PayPal\Core\PayPalHttpConnection : INFO: POST https://api.sandbox.paypal.com/v1/payments/payment
[25-11-2019 20:49:57] PayPal\Core\PayPalHttpConnection : INFO: Response Status 	: 201
[25-11-2019 20:53:08] PayPal\Core\PayPalHttpConnection : INFO: POST https://api.sandbox.paypal.com/v1/oauth2/token
[25-11-2019 20:53:15] PayPal\Core\PayPalHttpConnection : INFO: Response Status 	: 200
[25-11-2019 20:53:15] PayPal\Core\PayPalHttpConnection : INFO: GET https://api.sandbox.paypal.com/v1/payments/payment/PAY-8N1652461G181191BLXOD45I
[25-11-2019 20:53:19] PayPal\Core\PayPalHttpConnection : INFO: Response Status 	: 200
[25-11-2019 20:53:19] PayPal\Core\PayPalHttpConnection : INFO: POST https://api.sandbox.paypal.com/v1/payments/payment/PAY-8N1652461G181191BLXOD45I/execute
[25-11-2019 20:53:30] PayPal\Core\PayPalHttpConnection : INFO: Response Status 	: 200
[25-11-2019 20:53:30] PayPal\Core\PayPalHttpConnection : INFO: GET https://api.sandbox.paypal.com/v1/payments/payment/PAY-8N1652461G181191BLXOD45I
[25-11-2019 20:53:36] PayPal\Core\PayPalHttpConnection : INFO: Response Status 	: 200
